Determining if the function clock_gettime exists in the rt failed with the following output:
Change Dir: /Users/lucmichalski/local/golang/src/github.com/hellowod/u3d-plugins-development/NativePlugins/_builds/xcode-gcc/CMakeFiles/CMakeTmp

Run Build Command:"/usr/bin/xcodebuild" "-project" "CMAKE_TRY_COMPILE.xcodeproj" "build" "-target" "cmTC_90b55" "-configuration" "Debug"
=== BUILD TARGET cmTC_90b55 OF PROJECT CMAKE_TRY_COMPILE WITH CONFIGURATION Debug ===

Check dependencies

Write auxiliary files
/bin/mkdir -p /Users/lucmichalski/local/golang/src/github.com/hellowod/u3d-plugins-development/NativePlugins/_builds/xcode-gcc/CMakeFiles/CMakeTmp/CMAKE_TRY_COMPILE.build/Debug/cmTC_90b55.build/Objects-normal/x86_64
write-file /Users/lucmichalski/local/golang/src/github.com/hellowod/u3d-plugins-development/NativePlugins/_builds/xcode-gcc/CMakeFiles/CMakeTmp/CMAKE_TRY_COMPILE.build/Debug/cmTC_90b55.build/Objects-normal/x86_64/cmTC_90b55.LinkFileList

CompileC CMAKE_TRY_COMPILE.build/Debug/cmTC_90b55.build/Objects-normal/x86_64/CheckFunctionExists.o /usr/local/Cellar/cmake/3.9.0/share/cmake/Modules/CheckFunctionExists.c normal x86_64 c com.apple.compilers.llvm.clang.1_0.compiler
    cd /Users/lucmichalski/local/golang/src/github.com/hellowod/u3d-plugins-development/NativePlugins/_builds/xcode-gcc/CMakeFiles/CMakeTmp
    export LANG=en_US.US-ASCII
    /Applications/Xcode-beta.app/Contents/Developer/usr/bin/gcc -x c -arch x86_64 -fmessage-length=0 -fdiagnostics-show-note-include-stack -fmacro-backtrace-limit=0 -Wno-trigraphs -fpascal-strings -O0 -Wno-missing-field-initializers -Wno-missing-prototypes -Wno-return-type -Wno-missing-braces -Wparentheses -Wswitch -Wno-unused-function -Wno-unused-label -Wno-unused-parameter -Wno-unused-variable -Wunused-value -Wno-empty-body -Wno-uninitialized -Wno-unknown-pragmas -Wno-shadow -Wno-four-char-constants -Wno-conversion -Wno-constant-conversion -Wno-int-conversion -Wno-bool-conversion -Wno-enum-conversion -Wno-float-conversion -Wno-non-literal-null-conversion -Wno-objc-literal-conversion -Wno-shorten-64-to-32 -Wpointer-sign -Wno-newline-eof -DCMAKE_INTDIR=\"Debug\" -isysroot /Applications/Xcode-beta.app/Contents/Developer/Platforms/MacOSX.platform/Developer/SDKs/MacOSX10.13.sdk -fasm-blocks -fstrict-aliasing -Wdeprecated-declarations -mmacosx-version-min=10.12 -g -Wno-sign-conversion -Wno-infinite-recursion -Wno-comma -Wno-block-capture-autoreleasing -Wno-strict-prototypes -I/Users/lucmichalski/local/golang/src/github.com/hellowod/u3d-plugins-development/NativePlugins/_builds/xcode-gcc/CMakeFiles/CMakeTmp/Debug/include -I/Users/lucmichalski/local/golang/src/github.com/hellowod/u3d-plugins-development/NativePlugins/_builds/xcode-gcc/CMakeFiles/CMakeTmp/CMAKE_TRY_COMPILE.build/Debug/cmTC_90b55.build/DerivedSources/x86_64 -I/Users/lucmichalski/local/golang/src/github.com/hellowod/u3d-plugins-development/NativePlugins/_builds/xcode-gcc/CMakeFiles/CMakeTmp/CMAKE_TRY_COMPILE.build/Debug/cmTC_90b55.build/DerivedSources -Wmost -Wno-four-char-constants -Wno-unknown-pragmas -F/Users/lucmichalski/local/golang/src/github.com/hellowod/u3d-plugins-development/NativePlugins/_builds/xcode-gcc/CMakeFiles/CMakeTmp/Debug -I /usr/local/lib/python2.7/site-packages/numpy/core/include -DCHECK_FUNCTION_EXISTS=clock_gettime -MMD -MT dependencies -MF /Users/lucmichalski/local/golang/src/github.com/hellowod/u3d-plugins-development/NativePlugins/_builds/xcode-gcc/CMakeFiles/CMakeTmp/CMAKE_TRY_COMPILE.build/Debug/cmTC_90b55.build/Objects-normal/x86_64/CheckFunctionExists.d --serialize-diagnostics /Users/lucmichalski/local/golang/src/github.com/hellowod/u3d-plugins-development/NativePlugins/_builds/xcode-gcc/CMakeFiles/CMakeTmp/CMAKE_TRY_COMPILE.build/Debug/cmTC_90b55.build/Objects-normal/x86_64/CheckFunctionExists.dia -c /usr/local/Cellar/cmake/3.9.0/share/cmake/Modules/CheckFunctionExists.c -o /Users/lucmichalski/local/golang/src/github.com/hellowod/u3d-plugins-development/NativePlugins/_builds/xcode-gcc/CMakeFiles/CMakeTmp/CMAKE_TRY_COMPILE.build/Debug/cmTC_90b55.build/Objects-normal/x86_64/CheckFunctionExists.o

Ld Debug/cmTC_90b55 normal x86_64
    cd /Users/lucmichalski/local/golang/src/github.com/hellowod/u3d-plugins-development/NativePlugins/_builds/xcode-gcc/CMakeFiles/CMakeTmp
    export MACOSX_DEPLOYMENT_TARGET=10.12
    /Applications/Xcode-beta.app/Contents/Developer/usr/bin/gcc -arch x86_64 -isysroot /Applications/Xcode-beta.app/Contents/Developer/Platforms/MacOSX.platform/Developer/SDKs/MacOSX10.13.sdk -L/Users/lucmichalski/local/golang/src/github.com/hellowod/u3d-plugins-development/NativePlugins/_builds/xcode-gcc/CMakeFiles/CMakeTmp/Debug -F/Users/lucmichalski/local/golang/src/github.com/hellowod/u3d-plugins-development/NativePlugins/_builds/xcode-gcc/CMakeFiles/CMakeTmp/Debug -filelist /Users/lucmichalski/local/golang/src/github.com/hellowod/u3d-plugins-development/NativePlugins/_builds/xcode-gcc/CMakeFiles/CMakeTmp/CMAKE_TRY_COMPILE.build/Debug/cmTC_90b55.build/Objects-normal/x86_64/cmTC_90b55.LinkFileList -mmacosx-version-min=10.12 -Xlinker -object_path_lto -Xlinker /Users/lucmichalski/local/golang/src/github.com/hellowod/u3d-plugins-development/NativePlugins/_builds/xcode-gcc/CMakeFiles/CMakeTmp/CMAKE_TRY_COMPILE.build/Debug/cmTC_90b55.build/Objects-normal/x86_64/cmTC_90b55_lto.o -Xlinker -no_deduplicate -Wl,-search_paths_first -Wl,-headerpad_max_install_names -lrt -Xlinker -dependency_info -Xlinker /Users/lucmichalski/local/golang/src/github.com/hellowod/u3d-plugins-development/NativePlugins/_builds/xcode-gcc/CMakeFiles/CMakeTmp/CMAKE_TRY_COMPILE.build/Debug/cmTC_90b55.build/Objects-normal/x86_64/cmTC_90b55_dependency_info.dat -o /Users/lucmichalski/local/golang/src/github.com/hellowod/u3d-plugins-development/NativePlugins/_builds/xcode-gcc/CMakeFiles/CMakeTmp/Debug/cmTC_90b55
ld: library not found for -lrt
clang: error: linker command failed with exit code 1 (use -v to see invocation)

** BUILD FAILED **


The following build commands failed:
	Ld Debug/cmTC_90b55 normal x86_64
(1 failure)


Determining if the function gethostbyname exists in the nsl failed with the following output:
Change Dir: /Users/lucmichalski/local/golang/src/github.com/hellowod/u3d-plugins-development/NativePlugins/_builds/xcode-gcc/CMakeFiles/CMakeTmp

Run Build Command:"/usr/bin/xcodebuild" "-project" "CMAKE_TRY_COMPILE.xcodeproj" "build" "-target" "cmTC_6a578" "-configuration" "Debug"
=== BUILD TARGET cmTC_6a578 OF PROJECT CMAKE_TRY_COMPILE WITH CONFIGURATION Debug ===

Check dependencies

Write auxiliary files
/bin/mkdir -p /Users/lucmichalski/local/golang/src/github.com/hellowod/u3d-plugins-development/NativePlugins/_builds/xcode-gcc/CMakeFiles/CMakeTmp/CMAKE_TRY_COMPILE.build/Debug/cmTC_6a578.build/Objects-normal/x86_64
write-file /Users/lucmichalski/local/golang/src/github.com/hellowod/u3d-plugins-development/NativePlugins/_builds/xcode-gcc/CMakeFiles/CMakeTmp/CMAKE_TRY_COMPILE.build/Debug/cmTC_6a578.build/Objects-normal/x86_64/cmTC_6a578.LinkFileList

CompileC CMAKE_TRY_COMPILE.build/Debug/cmTC_6a578.build/Objects-normal/x86_64/CheckFunctionExists.o /usr/local/Cellar/cmake/3.9.0/share/cmake/Modules/CheckFunctionExists.c normal x86_64 c com.apple.compilers.llvm.clang.1_0.compiler
    cd /Users/lucmichalski/local/golang/src/github.com/hellowod/u3d-plugins-development/NativePlugins/_builds/xcode-gcc/CMakeFiles/CMakeTmp
    export LANG=en_US.US-ASCII
    /Applications/Xcode-beta.app/Contents/Developer/usr/bin/gcc -x c -arch x86_64 -fmessage-length=0 -fdiagnostics-show-note-include-stack -fmacro-backtrace-limit=0 -Wno-trigraphs -fpascal-strings -O0 -Wno-missing-field-initializers -Wno-missing-prototypes -Wno-return-type -Wno-missing-braces -Wparentheses -Wswitch -Wno-unused-function -Wno-unused-label -Wno-unused-parameter -Wno-unused-variable -Wunused-value -Wno-empty-body -Wno-uninitialized -Wno-unknown-pragmas -Wno-shadow -Wno-four-char-constants -Wno-conversion -Wno-constant-conversion -Wno-int-conversion -Wno-bool-conversion -Wno-enum-conversion -Wno-float-conversion -Wno-non-literal-null-conversion -Wno-objc-literal-conversion -Wno-shorten-64-to-32 -Wpointer-sign -Wno-newline-eof -DCMAKE_INTDIR=\"Debug\" -isysroot /Applications/Xcode-beta.app/Contents/Developer/Platforms/MacOSX.platform/Developer/SDKs/MacOSX10.13.sdk -fasm-blocks -fstrict-aliasing -Wdeprecated-declarations -mmacosx-version-min=10.12 -g -Wno-sign-conversion -Wno-infinite-recursion -Wno-comma -Wno-block-capture-autoreleasing -Wno-strict-prototypes -I/Users/lucmichalski/local/golang/src/github.com/hellowod/u3d-plugins-development/NativePlugins/_builds/xcode-gcc/CMakeFiles/CMakeTmp/Debug/include -I/Users/lucmichalski/local/golang/src/github.com/hellowod/u3d-plugins-development/NativePlugins/_builds/xcode-gcc/CMakeFiles/CMakeTmp/CMAKE_TRY_COMPILE.build/Debug/cmTC_6a578.build/DerivedSources/x86_64 -I/Users/lucmichalski/local/golang/src/github.com/hellowod/u3d-plugins-development/NativePlugins/_builds/xcode-gcc/CMakeFiles/CMakeTmp/CMAKE_TRY_COMPILE.build/Debug/cmTC_6a578.build/DerivedSources -Wmost -Wno-four-char-constants -Wno-unknown-pragmas -F/Users/lucmichalski/local/golang/src/github.com/hellowod/u3d-plugins-development/NativePlugins/_builds/xcode-gcc/CMakeFiles/CMakeTmp/Debug -I /usr/local/lib/python2.7/site-packages/numpy/core/include -DCHECK_FUNCTION_EXISTS=gethostbyname -MMD -MT dependencies -MF /Users/lucmichalski/local/golang/src/github.com/hellowod/u3d-plugins-development/NativePlugins/_builds/xcode-gcc/CMakeFiles/CMakeTmp/CMAKE_TRY_COMPILE.build/Debug/cmTC_6a578.build/Objects-normal/x86_64/CheckFunctionExists.d --serialize-diagnostics /Users/lucmichalski/local/golang/src/github.com/hellowod/u3d-plugins-development/NativePlugins/_builds/xcode-gcc/CMakeFiles/CMakeTmp/CMAKE_TRY_COMPILE.build/Debug/cmTC_6a578.build/Objects-normal/x86_64/CheckFunctionExists.dia -c /usr/local/Cellar/cmake/3.9.0/share/cmake/Modules/CheckFunctionExists.c -o /Users/lucmichalski/local/golang/src/github.com/hellowod/u3d-plugins-development/NativePlugins/_builds/xcode-gcc/CMakeFiles/CMakeTmp/CMAKE_TRY_COMPILE.build/Debug/cmTC_6a578.build/Objects-normal/x86_64/CheckFunctionExists.o

Ld Debug/cmTC_6a578 normal x86_64
    cd /Users/lucmichalski/local/golang/src/github.com/hellowod/u3d-plugins-development/NativePlugins/_builds/xcode-gcc/CMakeFiles/CMakeTmp
    export MACOSX_DEPLOYMENT_TARGET=10.12
    /Applications/Xcode-beta.app/Contents/Developer/usr/bin/gcc -arch x86_64 -isysroot /Applications/Xcode-beta.app/Contents/Developer/Platforms/MacOSX.platform/Developer/SDKs/MacOSX10.13.sdk -L/Users/lucmichalski/local/golang/src/github.com/hellowod/u3d-plugins-development/NativePlugins/_builds/xcode-gcc/CMakeFiles/CMakeTmp/Debug -F/Users/lucmichalski/local/golang/src/github.com/hellowod/u3d-plugins-development/NativePlugins/_builds/xcode-gcc/CMakeFiles/CMakeTmp/Debug -filelist /Users/lucmichalski/local/golang/src/github.com/hellowod/u3d-plugins-development/NativePlugins/_builds/xcode-gcc/CMakeFiles/CMakeTmp/CMAKE_TRY_COMPILE.build/Debug/cmTC_6a578.build/Objects-normal/x86_64/cmTC_6a578.LinkFileList -mmacosx-version-min=10.12 -Xlinker -object_path_lto -Xlinker /Users/lucmichalski/local/golang/src/github.com/hellowod/u3d-plugins-development/NativePlugins/_builds/xcode-gcc/CMakeFiles/CMakeTmp/CMAKE_TRY_COMPILE.build/Debug/cmTC_6a578.build/Objects-normal/x86_64/cmTC_6a578_lto.o -Xlinker -no_deduplicate -Wl,-search_paths_first -Wl,-headerpad_max_install_names -lnsl -Xlinker -dependency_info -Xlinker /Users/lucmichalski/local/golang/src/github.com/hellowod/u3d-plugins-development/NativePlugins/_builds/xcode-gcc/CMakeFiles/CMakeTmp/CMAKE_TRY_COMPILE.build/Debug/cmTC_6a578.build/Objects-normal/x86_64/cmTC_6a578_dependency_info.dat -o /Users/lucmichalski/local/golang/src/github.com/hellowod/u3d-plugins-development/NativePlugins/_builds/xcode-gcc/CMakeFiles/CMakeTmp/Debug/cmTC_6a578
ld: library not found for -lnsl
clang: error: linker command failed with exit code 1 (use -v to see invocation)

** BUILD FAILED **


The following build commands failed:
	Ld Debug/cmTC_6a578 normal x86_64
(1 failure)


Determining if the function socket exists in the socket failed with the following output:
Change Dir: /Users/lucmichalski/local/golang/src/github.com/hellowod/u3d-plugins-development/NativePlugins/_builds/xcode-gcc/CMakeFiles/CMakeTmp

Run Build Command:"/usr/bin/xcodebuild" "-project" "CMAKE_TRY_COMPILE.xcodeproj" "build" "-target" "cmTC_46b7f" "-configuration" "Debug"
=== BUILD TARGET cmTC_46b7f OF PROJECT CMAKE_TRY_COMPILE WITH CONFIGURATION Debug ===

Check dependencies

Write auxiliary files
/bin/mkdir -p /Users/lucmichalski/local/golang/src/github.com/hellowod/u3d-plugins-development/NativePlugins/_builds/xcode-gcc/CMakeFiles/CMakeTmp/CMAKE_TRY_COMPILE.build/Debug/cmTC_46b7f.build/Objects-normal/x86_64
write-file /Users/lucmichalski/local/golang/src/github.com/hellowod/u3d-plugins-development/NativePlugins/_builds/xcode-gcc/CMakeFiles/CMakeTmp/CMAKE_TRY_COMPILE.build/Debug/cmTC_46b7f.build/Objects-normal/x86_64/cmTC_46b7f.LinkFileList

CompileC CMAKE_TRY_COMPILE.build/Debug/cmTC_46b7f.build/Objects-normal/x86_64/CheckFunctionExists.o /usr/local/Cellar/cmake/3.9.0/share/cmake/Modules/CheckFunctionExists.c normal x86_64 c com.apple.compilers.llvm.clang.1_0.compiler
    cd /Users/lucmichalski/local/golang/src/github.com/hellowod/u3d-plugins-development/NativePlugins/_builds/xcode-gcc/CMakeFiles/CMakeTmp
    export LANG=en_US.US-ASCII
    /Applications/Xcode-beta.app/Contents/Developer/usr/bin/gcc -x c -arch x86_64 -fmessage-length=0 -fdiagnostics-show-note-include-stack -fmacro-backtrace-limit=0 -Wno-trigraphs -fpascal-strings -O0 -Wno-missing-field-initializers -Wno-missing-prototypes -Wno-return-type -Wno-missing-braces -Wparentheses -Wswitch -Wno-unused-function -Wno-unused-label -Wno-unused-parameter -Wno-unused-variable -Wunused-value -Wno-empty-body -Wno-uninitialized -Wno-unknown-pragmas -Wno-shadow -Wno-four-char-constants -Wno-conversion -Wno-constant-conversion -Wno-int-conversion -Wno-bool-conversion -Wno-enum-conversion -Wno-float-conversion -Wno-non-literal-null-conversion -Wno-objc-literal-conversion -Wno-shorten-64-to-32 -Wpointer-sign -Wno-newline-eof -DCMAKE_INTDIR=\"Debug\" -isysroot /Applications/Xcode-beta.app/Contents/Developer/Platforms/MacOSX.platform/Developer/SDKs/MacOSX10.13.sdk -fasm-blocks -fstrict-aliasing -Wdeprecated-declarations -mmacosx-version-min=10.12 -g -Wno-sign-conversion -Wno-infinite-recursion -Wno-comma -Wno-block-capture-autoreleasing -Wno-strict-prototypes -I/Users/lucmichalski/local/golang/src/github.com/hellowod/u3d-plugins-development/NativePlugins/_builds/xcode-gcc/CMakeFiles/CMakeTmp/Debug/include -I/Users/lucmichalski/local/golang/src/github.com/hellowod/u3d-plugins-development/NativePlugins/_builds/xcode-gcc/CMakeFiles/CMakeTmp/CMAKE_TRY_COMPILE.build/Debug/cmTC_46b7f.build/DerivedSources/x86_64 -I/Users/lucmichalski/local/golang/src/github.com/hellowod/u3d-plugins-development/NativePlugins/_builds/xcode-gcc/CMakeFiles/CMakeTmp/CMAKE_TRY_COMPILE.build/Debug/cmTC_46b7f.build/DerivedSources -Wmost -Wno-four-char-constants -Wno-unknown-pragmas -F/Users/lucmichalski/local/golang/src/github.com/hellowod/u3d-plugins-development/NativePlugins/_builds/xcode-gcc/CMakeFiles/CMakeTmp/Debug -I /usr/local/lib/python2.7/site-packages/numpy/core/include -DCHECK_FUNCTION_EXISTS=socket -MMD -MT dependencies -MF /Users/lucmichalski/local/golang/src/github.com/hellowod/u3d-plugins-development/NativePlugins/_builds/xcode-gcc/CMakeFiles/CMakeTmp/CMAKE_TRY_COMPILE.build/Debug/cmTC_46b7f.build/Objects-normal/x86_64/CheckFunctionExists.d --serialize-diagnostics /Users/lucmichalski/local/golang/src/github.com/hellowod/u3d-plugins-development/NativePlugins/_builds/xcode-gcc/CMakeFiles/CMakeTmp/CMAKE_TRY_COMPILE.build/Debug/cmTC_46b7f.build/Objects-normal/x86_64/CheckFunctionExists.dia -c /usr/local/Cellar/cmake/3.9.0/share/cmake/Modules/CheckFunctionExists.c -o /Users/lucmichalski/local/golang/src/github.com/hellowod/u3d-plugins-development/NativePlugins/_builds/xcode-gcc/CMakeFiles/CMakeTmp/CMAKE_TRY_COMPILE.build/Debug/cmTC_46b7f.build/Objects-normal/x86_64/CheckFunctionExists.o

Ld Debug/cmTC_46b7f normal x86_64
    cd /Users/lucmichalski/local/golang/src/github.com/hellowod/u3d-plugins-development/NativePlugins/_builds/xcode-gcc/CMakeFiles/CMakeTmp
    export MACOSX_DEPLOYMENT_TARGET=10.12
    /Applications/Xcode-beta.app/Contents/Developer/usr/bin/gcc -arch x86_64 -isysroot /Applications/Xcode-beta.app/Contents/Developer/Platforms/MacOSX.platform/Developer/SDKs/MacOSX10.13.sdk -L/Users/lucmichalski/local/golang/src/github.com/hellowod/u3d-plugins-development/NativePlugins/_builds/xcode-gcc/CMakeFiles/CMakeTmp/Debug -F/Users/lucmichalski/local/golang/src/github.com/hellowod/u3d-plugins-development/NativePlugins/_builds/xcode-gcc/CMakeFiles/CMakeTmp/Debug -filelist /Users/lucmichalski/local/golang/src/github.com/hellowod/u3d-plugins-development/NativePlugins/_builds/xcode-gcc/CMakeFiles/CMakeTmp/CMAKE_TRY_COMPILE.build/Debug/cmTC_46b7f.build/Objects-normal/x86_64/cmTC_46b7f.LinkFileList -mmacosx-version-min=10.12 -Xlinker -object_path_lto -Xlinker /Users/lucmichalski/local/golang/src/github.com/hellowod/u3d-plugins-development/NativePlugins/_builds/xcode-gcc/CMakeFiles/CMakeTmp/CMAKE_TRY_COMPILE.build/Debug/cmTC_46b7f.build/Objects-normal/x86_64/cmTC_46b7f_lto.o -Xlinker -no_deduplicate -Wl,-search_paths_first -Wl,-headerpad_max_install_names -lsocket -Xlinker -dependency_info -Xlinker /Users/lucmichalski/local/golang/src/github.com/hellowod/u3d-plugins-development/NativePlugins/_builds/xcode-gcc/CMakeFiles/CMakeTmp/CMAKE_TRY_COMPILE.build/Debug/cmTC_46b7f.build/Objects-normal/x86_64/cmTC_46b7f_dependency_info.dat -o /Users/lucmichalski/local/golang/src/github.com/hellowod/u3d-plugins-development/NativePlugins/_builds/xcode-gcc/CMakeFiles/CMakeTmp/Debug/cmTC_46b7f
ld: library not found for -lsocket
clang: error: linker command failed with exit code 1 (use -v to see invocation)

** BUILD FAILED **


The following build commands failed:
	Ld Debug/cmTC_46b7f normal x86_64
(1 failure)


