Compiling the C compiler identification source file "CMakeCCompilerId.c" failed.
Compiler: /usr/bin/gcc 
Build flags: -static
Id flags:  

The output was:
1
ld: library not found for -lcrt0.o
clang: error: linker command failed with exit code 1 (use -v to see invocation)


Compiling the CXX compiler identification source file "CMakeCXXCompilerId.cpp" failed.
Compiler: /usr/bin/g++ 
Build flags: -static;-std=c++11
Id flags:  

The output was:
1
ld: library not found for -lcrt0.o
clang: error: linker command failed with exit code 1 (use -v to see invocation)


Determining if the C compiler works failed with the following output:
Change Dir: /Users/lucmichalski/local/golang/src/github.com/hellowod/u3d-plugins-development/NativePlugins/_builds/gcc-static-Release/CMakeFiles/CMakeTmp

Run Build Command:"/usr/bin/make" "cmTC_a4c65/fast"
/Applications/Xcode-beta.app/Contents/Developer/usr/bin/make -f CMakeFiles/cmTC_a4c65.dir/build.make CMakeFiles/cmTC_a4c65.dir/build
Building C object CMakeFiles/cmTC_a4c65.dir/testCCompiler.c.o
/usr/bin/gcc   -static  -isysroot /Applications/Xcode-beta.app/Contents/Developer/Platforms/MacOSX.platform/Developer/SDKs/MacOSX10.13.sdk   -o CMakeFiles/cmTC_a4c65.dir/testCCompiler.c.o   -c /Users/lucmichalski/local/golang/src/github.com/hellowod/u3d-plugins-development/NativePlugins/_builds/gcc-static-Release/CMakeFiles/CMakeTmp/testCCompiler.c
Linking C executable cmTC_a4c65
/usr/local/Cellar/cmake/3.9.0/bin/cmake -E cmake_link_script CMakeFiles/cmTC_a4c65.dir/link.txt --verbose=1
/usr/bin/gcc -static  -isysroot /Applications/Xcode-beta.app/Contents/Developer/Platforms/MacOSX.platform/Developer/SDKs/MacOSX10.13.sdk -Wl,-search_paths_first -Wl,-headerpad_max_install_names   CMakeFiles/cmTC_a4c65.dir/testCCompiler.c.o  -o cmTC_a4c65 
ld: library not found for -lcrt0.o
clang: error: linker command failed with exit code 1 (use -v to see invocation)
make[1]: *** [cmTC_a4c65] Error 1
make: *** [cmTC_a4c65/fast] Error 2


